Determining if the Q_WS_WIN exist failed with the following output:
Change Dir: /tmp/guest-HcCDfM/csc232/Lab5/build/CMakeFiles/CMakeTmp

Run Build Command:/usr/bin/make "cmTryCompileExec1928649818/fast"
/usr/bin/make -f CMakeFiles/cmTryCompileExec1928649818.dir/build.make CMakeFiles/cmTryCompileExec1928649818.dir/build
make[1]: Entering directory `/tmp/guest-HcCDfM/csc232/Lab5/build/CMakeFiles/CMakeTmp'
/usr/bin/cmake -E cmake_progress_report /tmp/guest-HcCDfM/csc232/Lab5/build/CMakeFiles/CMakeTmp/CMakeFiles 1
Building CXX object CMakeFiles/cmTryCompileExec1928649818.dir/CheckSymbolExists.cxx.o
/usr/bin/c++    -I/usr/include/qt4    -o CMakeFiles/cmTryCompileExec1928649818.dir/CheckSymbolExists.cxx.o -c /tmp/guest-HcCDfM/csc232/Lab5/build/CMakeFiles/CMakeTmp/CheckSymbolExists.cxx
/tmp/guest-HcCDfM/csc232/Lab5/build/CMakeFiles/CMakeTmp/CheckSymbolExists.cxx: In function ‘int main(int, char**)’:
/tmp/guest-HcCDfM/csc232/Lab5/build/CMakeFiles/CMakeTmp/CheckSymbolExists.cxx:8:19: error: ‘Q_WS_WIN’ was not declared in this scope
   return ((int*)(&Q_WS_WIN))[argc];
                   ^
make[1]: *** [CMakeFiles/cmTryCompileExec1928649818.dir/CheckSymbolExists.cxx.o] Error 1
make[1]: Leaving directory `/tmp/guest-HcCDfM/csc232/Lab5/build/CMakeFiles/CMakeTmp'
make: *** [cmTryCompileExec1928649818/fast] Error 2

File /tmp/guest-HcCDfM/csc232/Lab5/build/CMakeFiles/CMakeTmp/CheckSymbolExists.cxx:
/* */
#include <QtCore/qglobal.h>

int main(int argc, char** argv)
{
  (void)argv;
#ifndef Q_WS_WIN
  return ((int*)(&Q_WS_WIN))[argc];
#else
  (void)argc;
  return 0;
#endif
}

Determining if the Q_WS_QWS exist failed with the following output:
Change Dir: /tmp/guest-HcCDfM/csc232/Lab5/build/CMakeFiles/CMakeTmp

Run Build Command:/usr/bin/make "cmTryCompileExec3276091189/fast"
/usr/bin/make -f CMakeFiles/cmTryCompileExec3276091189.dir/build.make CMakeFiles/cmTryCompileExec3276091189.dir/build
make[1]: Entering directory `/tmp/guest-HcCDfM/csc232/Lab5/build/CMakeFiles/CMakeTmp'
/usr/bin/cmake -E cmake_progress_report /tmp/guest-HcCDfM/csc232/Lab5/build/CMakeFiles/CMakeTmp/CMakeFiles 1
Building CXX object CMakeFiles/cmTryCompileExec3276091189.dir/CheckSymbolExists.cxx.o
/usr/bin/c++    -I/usr/include/qt4    -o CMakeFiles/cmTryCompileExec3276091189.dir/CheckSymbolExists.cxx.o -c /tmp/guest-HcCDfM/csc232/Lab5/build/CMakeFiles/CMakeTmp/CheckSymbolExists.cxx
/tmp/guest-HcCDfM/csc232/Lab5/build/CMakeFiles/CMakeTmp/CheckSymbolExists.cxx: In function ‘int main(int, char**)’:
/tmp/guest-HcCDfM/csc232/Lab5/build/CMakeFiles/CMakeTmp/CheckSymbolExists.cxx:8:19: error: ‘Q_WS_QWS’ was not declared in this scope
   return ((int*)(&Q_WS_QWS))[argc];
                   ^
make[1]: *** [CMakeFiles/cmTryCompileExec3276091189.dir/CheckSymbolExists.cxx.o] Error 1
make[1]: Leaving directory `/tmp/guest-HcCDfM/csc232/Lab5/build/CMakeFiles/CMakeTmp'
make: *** [cmTryCompileExec3276091189/fast] Error 2

File /tmp/guest-HcCDfM/csc232/Lab5/build/CMakeFiles/CMakeTmp/CheckSymbolExists.cxx:
/* */
#include <QtCore/qglobal.h>

int main(int argc, char** argv)
{
  (void)argv;
#ifndef Q_WS_QWS
  return ((int*)(&Q_WS_QWS))[argc];
#else
  (void)argc;
  return 0;
#endif
}

Determining if the Q_WS_MAC exist failed with the following output:
Change Dir: /tmp/guest-HcCDfM/csc232/Lab5/build/CMakeFiles/CMakeTmp

Run Build Command:/usr/bin/make "cmTryCompileExec4093942958/fast"
/usr/bin/make -f CMakeFiles/cmTryCompileExec4093942958.dir/build.make CMakeFiles/cmTryCompileExec4093942958.dir/build
make[1]: Entering directory `/tmp/guest-HcCDfM/csc232/Lab5/build/CMakeFiles/CMakeTmp'
/usr/bin/cmake -E cmake_progress_report /tmp/guest-HcCDfM/csc232/Lab5/build/CMakeFiles/CMakeTmp/CMakeFiles 1
Building CXX object CMakeFiles/cmTryCompileExec4093942958.dir/CheckSymbolExists.cxx.o
/usr/bin/c++    -I/usr/include/qt4    -o CMakeFiles/cmTryCompileExec4093942958.dir/CheckSymbolExists.cxx.o -c /tmp/guest-HcCDfM/csc232/Lab5/build/CMakeFiles/CMakeTmp/CheckSymbolExists.cxx
/tmp/guest-HcCDfM/csc232/Lab5/build/CMakeFiles/CMakeTmp/CheckSymbolExists.cxx: In function ‘int main(int, char**)’:
/tmp/guest-HcCDfM/csc232/Lab5/build/CMakeFiles/CMakeTmp/CheckSymbolExists.cxx:8:19: error: ‘Q_WS_MAC’ was not declared in this scope
   return ((int*)(&Q_WS_MAC))[argc];
                   ^
make[1]: *** [CMakeFiles/cmTryCompileExec4093942958.dir/CheckSymbolExists.cxx.o] Error 1
make[1]: Leaving directory `/tmp/guest-HcCDfM/csc232/Lab5/build/CMakeFiles/CMakeTmp'
make: *** [cmTryCompileExec4093942958/fast] Error 2

File /tmp/guest-HcCDfM/csc232/Lab5/build/CMakeFiles/CMakeTmp/CheckSymbolExists.cxx:
/* */
#include <QtCore/qglobal.h>

int main(int argc, char** argv)
{
  (void)argv;
#ifndef Q_WS_MAC
  return ((int*)(&Q_WS_MAC))[argc];
#else
  (void)argc;
  return 0;
#endif
}

