Determining if the Q_WS_WIN exist failed with the following output:
Change Dir: /home/matthew/CSC232/Lab4/build/CMakeFiles/CMakeTmp

Run Build Command:/usr/bin/make "cmTryCompileExec984831654/fast"
/usr/bin/make -f CMakeFiles/cmTryCompileExec984831654.dir/build.make CMakeFiles/cmTryCompileExec984831654.dir/build
make[1]: Entering directory `/home/matthew/CSC232/Lab4/build/CMakeFiles/CMakeTmp'
/usr/bin/cmake -E cmake_progress_report /home/matthew/CSC232/Lab4/build/CMakeFiles/CMakeTmp/CMakeFiles 1
Building CXX object CMakeFiles/cmTryCompileExec984831654.dir/CheckSymbolExists.cxx.o
/usr/bin/c++    -I/usr/include/qt4    -o CMakeFiles/cmTryCompileExec984831654.dir/CheckSymbolExists.cxx.o -c /home/matthew/CSC232/Lab4/build/CMakeFiles/CMakeTmp/CheckSymbolExists.cxx
/home/matthew/CSC232/Lab4/build/CMakeFiles/CMakeTmp/CheckSymbolExists.cxx: In function ‘int main(int, char**)’:
/home/matthew/CSC232/Lab4/build/CMakeFiles/CMakeTmp/CheckSymbolExists.cxx:8:19: error: ‘Q_WS_WIN’ was not declared in this scope
   return ((int*)(&Q_WS_WIN))[argc];
                   ^
make[1]: *** [CMakeFiles/cmTryCompileExec984831654.dir/CheckSymbolExists.cxx.o] Error 1
make[1]: Leaving directory `/home/matthew/CSC232/Lab4/build/CMakeFiles/CMakeTmp'
make: *** [cmTryCompileExec984831654/fast] Error 2

File /home/matthew/CSC232/Lab4/build/CMakeFiles/CMakeTmp/CheckSymbolExists.cxx:
/* */
#include <QtCore/qglobal.h>

int main(int argc, char** argv)
{
  (void)argv;
#ifndef Q_WS_WIN
  return ((int*)(&Q_WS_WIN))[argc];
#else
  (void)argc;
  return 0;
#endif
}

Determining if the Q_WS_QWS exist failed with the following output:
Change Dir: /home/matthew/CSC232/Lab4/build/CMakeFiles/CMakeTmp

Run Build Command:/usr/bin/make "cmTryCompileExec1236951794/fast"
/usr/bin/make -f CMakeFiles/cmTryCompileExec1236951794.dir/build.make CMakeFiles/cmTryCompileExec1236951794.dir/build
make[1]: Entering directory `/home/matthew/CSC232/Lab4/build/CMakeFiles/CMakeTmp'
/usr/bin/cmake -E cmake_progress_report /home/matthew/CSC232/Lab4/build/CMakeFiles/CMakeTmp/CMakeFiles 1
Building CXX object CMakeFiles/cmTryCompileExec1236951794.dir/CheckSymbolExists.cxx.o
/usr/bin/c++    -I/usr/include/qt4    -o CMakeFiles/cmTryCompileExec1236951794.dir/CheckSymbolExists.cxx.o -c /home/matthew/CSC232/Lab4/build/CMakeFiles/CMakeTmp/CheckSymbolExists.cxx
/home/matthew/CSC232/Lab4/build/CMakeFiles/CMakeTmp/CheckSymbolExists.cxx: In function ‘int main(int, char**)’:
/home/matthew/CSC232/Lab4/build/CMakeFiles/CMakeTmp/CheckSymbolExists.cxx:8:19: error: ‘Q_WS_QWS’ was not declared in this scope
   return ((int*)(&Q_WS_QWS))[argc];
                   ^
make[1]: *** [CMakeFiles/cmTryCompileExec1236951794.dir/CheckSymbolExists.cxx.o] Error 1
make[1]: Leaving directory `/home/matthew/CSC232/Lab4/build/CMakeFiles/CMakeTmp'
make: *** [cmTryCompileExec1236951794/fast] Error 2

File /home/matthew/CSC232/Lab4/build/CMakeFiles/CMakeTmp/CheckSymbolExists.cxx:
/* */
#include <QtCore/qglobal.h>

int main(int argc, char** argv)
{
  (void)argv;
#ifndef Q_WS_QWS
  return ((int*)(&Q_WS_QWS))[argc];
#else
  (void)argc;
  return 0;
#endif
}

Determining if the Q_WS_MAC exist failed with the following output:
Change Dir: /home/matthew/CSC232/Lab4/build/CMakeFiles/CMakeTmp

Run Build Command:/usr/bin/make "cmTryCompileExec2233643745/fast"
/usr/bin/make -f CMakeFiles/cmTryCompileExec2233643745.dir/build.make CMakeFiles/cmTryCompileExec2233643745.dir/build
make[1]: Entering directory `/home/matthew/CSC232/Lab4/build/CMakeFiles/CMakeTmp'
/usr/bin/cmake -E cmake_progress_report /home/matthew/CSC232/Lab4/build/CMakeFiles/CMakeTmp/CMakeFiles 1
Building CXX object CMakeFiles/cmTryCompileExec2233643745.dir/CheckSymbolExists.cxx.o
/usr/bin/c++    -I/usr/include/qt4    -o CMakeFiles/cmTryCompileExec2233643745.dir/CheckSymbolExists.cxx.o -c /home/matthew/CSC232/Lab4/build/CMakeFiles/CMakeTmp/CheckSymbolExists.cxx
/home/matthew/CSC232/Lab4/build/CMakeFiles/CMakeTmp/CheckSymbolExists.cxx: In function ‘int main(int, char**)’:
/home/matthew/CSC232/Lab4/build/CMakeFiles/CMakeTmp/CheckSymbolExists.cxx:8:19: error: ‘Q_WS_MAC’ was not declared in this scope
   return ((int*)(&Q_WS_MAC))[argc];
                   ^
make[1]: *** [CMakeFiles/cmTryCompileExec2233643745.dir/CheckSymbolExists.cxx.o] Error 1
make[1]: Leaving directory `/home/matthew/CSC232/Lab4/build/CMakeFiles/CMakeTmp'
make: *** [cmTryCompileExec2233643745/fast] Error 2

File /home/matthew/CSC232/Lab4/build/CMakeFiles/CMakeTmp/CheckSymbolExists.cxx:
/* */
#include <QtCore/qglobal.h>

int main(int argc, char** argv)
{
  (void)argv;
#ifndef Q_WS_MAC
  return ((int*)(&Q_WS_MAC))[argc];
#else
  (void)argc;
  return 0;
#endif
}

Determining if the Q_WS_WIN exist failed with the following output:
Change Dir: /home/matthew/CSC232/Lab4/build/CMakeFiles/CMakeTmp

Run Build Command:/usr/bin/make "cmTryCompileExec1949241579/fast"
/usr/bin/make -f CMakeFiles/cmTryCompileExec1949241579.dir/build.make CMakeFiles/cmTryCompileExec1949241579.dir/build
make[1]: Entering directory `/home/matthew/CSC232/Lab4/build/CMakeFiles/CMakeTmp'
/usr/bin/cmake -E cmake_progress_report /home/matthew/CSC232/Lab4/build/CMakeFiles/CMakeTmp/CMakeFiles 1
Building CXX object CMakeFiles/cmTryCompileExec1949241579.dir/CheckSymbolExists.cxx.o
/usr/bin/c++    -I/usr/include/qt4    -o CMakeFiles/cmTryCompileExec1949241579.dir/CheckSymbolExists.cxx.o -c /home/matthew/CSC232/Lab4/build/CMakeFiles/CMakeTmp/CheckSymbolExists.cxx
/home/matthew/CSC232/Lab4/build/CMakeFiles/CMakeTmp/CheckSymbolExists.cxx: In function ‘int main(int, char**)’:
/home/matthew/CSC232/Lab4/build/CMakeFiles/CMakeTmp/CheckSymbolExists.cxx:8:19: error: ‘Q_WS_WIN’ was not declared in this scope
   return ((int*)(&Q_WS_WIN))[argc];
                   ^
make[1]: *** [CMakeFiles/cmTryCompileExec1949241579.dir/CheckSymbolExists.cxx.o] Error 1
make[1]: Leaving directory `/home/matthew/CSC232/Lab4/build/CMakeFiles/CMakeTmp'
make: *** [cmTryCompileExec1949241579/fast] Error 2

File /home/matthew/CSC232/Lab4/build/CMakeFiles/CMakeTmp/CheckSymbolExists.cxx:
/* */
#include <QtCore/qglobal.h>

int main(int argc, char** argv)
{
  (void)argv;
#ifndef Q_WS_WIN
  return ((int*)(&Q_WS_WIN))[argc];
#else
  (void)argc;
  return 0;
#endif
}

Determining if the Q_WS_QWS exist failed with the following output:
Change Dir: /home/matthew/CSC232/Lab4/build/CMakeFiles/CMakeTmp

Run Build Command:/usr/bin/make "cmTryCompileExec1755313452/fast"
/usr/bin/make -f CMakeFiles/cmTryCompileExec1755313452.dir/build.make CMakeFiles/cmTryCompileExec1755313452.dir/build
make[1]: Entering directory `/home/matthew/CSC232/Lab4/build/CMakeFiles/CMakeTmp'
/usr/bin/cmake -E cmake_progress_report /home/matthew/CSC232/Lab4/build/CMakeFiles/CMakeTmp/CMakeFiles 1
Building CXX object CMakeFiles/cmTryCompileExec1755313452.dir/CheckSymbolExists.cxx.o
/usr/bin/c++    -I/usr/include/qt4    -o CMakeFiles/cmTryCompileExec1755313452.dir/CheckSymbolExists.cxx.o -c /home/matthew/CSC232/Lab4/build/CMakeFiles/CMakeTmp/CheckSymbolExists.cxx
/home/matthew/CSC232/Lab4/build/CMakeFiles/CMakeTmp/CheckSymbolExists.cxx: In function ‘int main(int, char**)’:
/home/matthew/CSC232/Lab4/build/CMakeFiles/CMakeTmp/CheckSymbolExists.cxx:8:19: error: ‘Q_WS_QWS’ was not declared in this scope
   return ((int*)(&Q_WS_QWS))[argc];
                   ^
make[1]: *** [CMakeFiles/cmTryCompileExec1755313452.dir/CheckSymbolExists.cxx.o] Error 1
make[1]: Leaving directory `/home/matthew/CSC232/Lab4/build/CMakeFiles/CMakeTmp'
make: *** [cmTryCompileExec1755313452/fast] Error 2

File /home/matthew/CSC232/Lab4/build/CMakeFiles/CMakeTmp/CheckSymbolExists.cxx:
/* */
#include <QtCore/qglobal.h>

int main(int argc, char** argv)
{
  (void)argv;
#ifndef Q_WS_QWS
  return ((int*)(&Q_WS_QWS))[argc];
#else
  (void)argc;
  return 0;
#endif
}

Determining if the Q_WS_MAC exist failed with the following output:
Change Dir: /home/matthew/CSC232/Lab4/build/CMakeFiles/CMakeTmp

Run Build Command:/usr/bin/make "cmTryCompileExec75347644/fast"
/usr/bin/make -f CMakeFiles/cmTryCompileExec75347644.dir/build.make CMakeFiles/cmTryCompileExec75347644.dir/build
make[1]: Entering directory `/home/matthew/CSC232/Lab4/build/CMakeFiles/CMakeTmp'
/usr/bin/cmake -E cmake_progress_report /home/matthew/CSC232/Lab4/build/CMakeFiles/CMakeTmp/CMakeFiles 1
Building CXX object CMakeFiles/cmTryCompileExec75347644.dir/CheckSymbolExists.cxx.o
/usr/bin/c++    -I/usr/include/qt4    -o CMakeFiles/cmTryCompileExec75347644.dir/CheckSymbolExists.cxx.o -c /home/matthew/CSC232/Lab4/build/CMakeFiles/CMakeTmp/CheckSymbolExists.cxx
/home/matthew/CSC232/Lab4/build/CMakeFiles/CMakeTmp/CheckSymbolExists.cxx: In function ‘int main(int, char**)’:
/home/matthew/CSC232/Lab4/build/CMakeFiles/CMakeTmp/CheckSymbolExists.cxx:8:19: error: ‘Q_WS_MAC’ was not declared in this scope
   return ((int*)(&Q_WS_MAC))[argc];
                   ^
make[1]: *** [CMakeFiles/cmTryCompileExec75347644.dir/CheckSymbolExists.cxx.o] Error 1
make[1]: Leaving directory `/home/matthew/CSC232/Lab4/build/CMakeFiles/CMakeTmp'
make: *** [cmTryCompileExec75347644/fast] Error 2

File /home/matthew/CSC232/Lab4/build/CMakeFiles/CMakeTmp/CheckSymbolExists.cxx:
/* */
#include <QtCore/qglobal.h>

int main(int argc, char** argv)
{
  (void)argv;
#ifndef Q_WS_MAC
  return ((int*)(&Q_WS_MAC))[argc];
#else
  (void)argc;
  return 0;
#endif
}

Determining if the Q_WS_WIN exist failed with the following output:
Change Dir: /home/matthew/CSC232/Lab4/build/CMakeFiles/CMakeTmp

Run Build Command:/usr/bin/make "cmTryCompileExec2401957918/fast"
/usr/bin/make -f CMakeFiles/cmTryCompileExec2401957918.dir/build.make CMakeFiles/cmTryCompileExec2401957918.dir/build
make[1]: Entering directory `/home/matthew/CSC232/Lab4/build/CMakeFiles/CMakeTmp'
/usr/bin/cmake -E cmake_progress_report /home/matthew/CSC232/Lab4/build/CMakeFiles/CMakeTmp/CMakeFiles 1
Building CXX object CMakeFiles/cmTryCompileExec2401957918.dir/CheckSymbolExists.cxx.o
/usr/bin/c++    -I/usr/include/qt4    -o CMakeFiles/cmTryCompileExec2401957918.dir/CheckSymbolExists.cxx.o -c /home/matthew/CSC232/Lab4/build/CMakeFiles/CMakeTmp/CheckSymbolExists.cxx
/home/matthew/CSC232/Lab4/build/CMakeFiles/CMakeTmp/CheckSymbolExists.cxx: In function ‘int main(int, char**)’:
/home/matthew/CSC232/Lab4/build/CMakeFiles/CMakeTmp/CheckSymbolExists.cxx:8:19: error: ‘Q_WS_WIN’ was not declared in this scope
   return ((int*)(&Q_WS_WIN))[argc];
                   ^
make[1]: *** [CMakeFiles/cmTryCompileExec2401957918.dir/CheckSymbolExists.cxx.o] Error 1
make[1]: Leaving directory `/home/matthew/CSC232/Lab4/build/CMakeFiles/CMakeTmp'
make: *** [cmTryCompileExec2401957918/fast] Error 2

File /home/matthew/CSC232/Lab4/build/CMakeFiles/CMakeTmp/CheckSymbolExists.cxx:
/* */
#include <QtCore/qglobal.h>

int main(int argc, char** argv)
{
  (void)argv;
#ifndef Q_WS_WIN
  return ((int*)(&Q_WS_WIN))[argc];
#else
  (void)argc;
  return 0;
#endif
}

Determining if the Q_WS_QWS exist failed with the following output:
Change Dir: /home/matthew/CSC232/Lab4/build/CMakeFiles/CMakeTmp

Run Build Command:/usr/bin/make "cmTryCompileExec809700288/fast"
/usr/bin/make -f CMakeFiles/cmTryCompileExec809700288.dir/build.make CMakeFiles/cmTryCompileExec809700288.dir/build
make[1]: Entering directory `/home/matthew/CSC232/Lab4/build/CMakeFiles/CMakeTmp'
/usr/bin/cmake -E cmake_progress_report /home/matthew/CSC232/Lab4/build/CMakeFiles/CMakeTmp/CMakeFiles 1
Building CXX object CMakeFiles/cmTryCompileExec809700288.dir/CheckSymbolExists.cxx.o
/usr/bin/c++    -I/usr/include/qt4    -o CMakeFiles/cmTryCompileExec809700288.dir/CheckSymbolExists.cxx.o -c /home/matthew/CSC232/Lab4/build/CMakeFiles/CMakeTmp/CheckSymbolExists.cxx
/home/matthew/CSC232/Lab4/build/CMakeFiles/CMakeTmp/CheckSymbolExists.cxx: In function ‘int main(int, char**)’:
/home/matthew/CSC232/Lab4/build/CMakeFiles/CMakeTmp/CheckSymbolExists.cxx:8:19: error: ‘Q_WS_QWS’ was not declared in this scope
   return ((int*)(&Q_WS_QWS))[argc];
                   ^
make[1]: *** [CMakeFiles/cmTryCompileExec809700288.dir/CheckSymbolExists.cxx.o] Error 1
make[1]: Leaving directory `/home/matthew/CSC232/Lab4/build/CMakeFiles/CMakeTmp'
make: *** [cmTryCompileExec809700288/fast] Error 2

File /home/matthew/CSC232/Lab4/build/CMakeFiles/CMakeTmp/CheckSymbolExists.cxx:
/* */
#include <QtCore/qglobal.h>

int main(int argc, char** argv)
{
  (void)argv;
#ifndef Q_WS_QWS
  return ((int*)(&Q_WS_QWS))[argc];
#else
  (void)argc;
  return 0;
#endif
}

Determining if the Q_WS_MAC exist failed with the following output:
Change Dir: /home/matthew/CSC232/Lab4/build/CMakeFiles/CMakeTmp

Run Build Command:/usr/bin/make "cmTryCompileExec83390169/fast"
/usr/bin/make -f CMakeFiles/cmTryCompileExec83390169.dir/build.make CMakeFiles/cmTryCompileExec83390169.dir/build
make[1]: Entering directory `/home/matthew/CSC232/Lab4/build/CMakeFiles/CMakeTmp'
/usr/bin/cmake -E cmake_progress_report /home/matthew/CSC232/Lab4/build/CMakeFiles/CMakeTmp/CMakeFiles 1
Building CXX object CMakeFiles/cmTryCompileExec83390169.dir/CheckSymbolExists.cxx.o
/usr/bin/c++    -I/usr/include/qt4    -o CMakeFiles/cmTryCompileExec83390169.dir/CheckSymbolExists.cxx.o -c /home/matthew/CSC232/Lab4/build/CMakeFiles/CMakeTmp/CheckSymbolExists.cxx
/home/matthew/CSC232/Lab4/build/CMakeFiles/CMakeTmp/CheckSymbolExists.cxx: In function ‘int main(int, char**)’:
/home/matthew/CSC232/Lab4/build/CMakeFiles/CMakeTmp/CheckSymbolExists.cxx:8:19: error: ‘Q_WS_MAC’ was not declared in this scope
   return ((int*)(&Q_WS_MAC))[argc];
                   ^
make[1]: *** [CMakeFiles/cmTryCompileExec83390169.dir/CheckSymbolExists.cxx.o] Error 1
make[1]: Leaving directory `/home/matthew/CSC232/Lab4/build/CMakeFiles/CMakeTmp'
make: *** [cmTryCompileExec83390169/fast] Error 2

File /home/matthew/CSC232/Lab4/build/CMakeFiles/CMakeTmp/CheckSymbolExists.cxx:
/* */
#include <QtCore/qglobal.h>

int main(int argc, char** argv)
{
  (void)argv;
#ifndef Q_WS_MAC
  return ((int*)(&Q_WS_MAC))[argc];
#else
  (void)argc;
  return 0;
#endif
}

Determining if the Q_WS_WIN exist failed with the following output:
Change Dir: /home/matthew/CSC232/Lab4/build/CMakeFiles/CMakeTmp

Run Build Command:/usr/bin/make "cmTryCompileExec1168696514/fast"
/usr/bin/make -f CMakeFiles/cmTryCompileExec1168696514.dir/build.make CMakeFiles/cmTryCompileExec1168696514.dir/build
make[1]: Entering directory `/home/matthew/CSC232/Lab4/build/CMakeFiles/CMakeTmp'
/usr/bin/cmake -E cmake_progress_report /home/matthew/CSC232/Lab4/build/CMakeFiles/CMakeTmp/CMakeFiles 1
Building CXX object CMakeFiles/cmTryCompileExec1168696514.dir/CheckSymbolExists.cxx.o
/usr/bin/c++    -I/usr/include/qt4    -o CMakeFiles/cmTryCompileExec1168696514.dir/CheckSymbolExists.cxx.o -c /home/matthew/CSC232/Lab4/build/CMakeFiles/CMakeTmp/CheckSymbolExists.cxx
/home/matthew/CSC232/Lab4/build/CMakeFiles/CMakeTmp/CheckSymbolExists.cxx: In function ‘int main(int, char**)’:
/home/matthew/CSC232/Lab4/build/CMakeFiles/CMakeTmp/CheckSymbolExists.cxx:8:19: error: ‘Q_WS_WIN’ was not declared in this scope
   return ((int*)(&Q_WS_WIN))[argc];
                   ^
make[1]: *** [CMakeFiles/cmTryCompileExec1168696514.dir/CheckSymbolExists.cxx.o] Error 1
make[1]: Leaving directory `/home/matthew/CSC232/Lab4/build/CMakeFiles/CMakeTmp'
make: *** [cmTryCompileExec1168696514/fast] Error 2

File /home/matthew/CSC232/Lab4/build/CMakeFiles/CMakeTmp/CheckSymbolExists.cxx:
/* */
#include <QtCore/qglobal.h>

int main(int argc, char** argv)
{
  (void)argv;
#ifndef Q_WS_WIN
  return ((int*)(&Q_WS_WIN))[argc];
#else
  (void)argc;
  return 0;
#endif
}

Determining if the Q_WS_QWS exist failed with the following output:
Change Dir: /home/matthew/CSC232/Lab4/build/CMakeFiles/CMakeTmp

Run Build Command:/usr/bin/make "cmTryCompileExec1330789059/fast"
/usr/bin/make -f CMakeFiles/cmTryCompileExec1330789059.dir/build.make CMakeFiles/cmTryCompileExec1330789059.dir/build
make[1]: Entering directory `/home/matthew/CSC232/Lab4/build/CMakeFiles/CMakeTmp'
/usr/bin/cmake -E cmake_progress_report /home/matthew/CSC232/Lab4/build/CMakeFiles/CMakeTmp/CMakeFiles 1
Building CXX object CMakeFiles/cmTryCompileExec1330789059.dir/CheckSymbolExists.cxx.o
/usr/bin/c++    -I/usr/include/qt4    -o CMakeFiles/cmTryCompileExec1330789059.dir/CheckSymbolExists.cxx.o -c /home/matthew/CSC232/Lab4/build/CMakeFiles/CMakeTmp/CheckSymbolExists.cxx
/home/matthew/CSC232/Lab4/build/CMakeFiles/CMakeTmp/CheckSymbolExists.cxx: In function ‘int main(int, char**)’:
/home/matthew/CSC232/Lab4/build/CMakeFiles/CMakeTmp/CheckSymbolExists.cxx:8:19: error: ‘Q_WS_QWS’ was not declared in this scope
   return ((int*)(&Q_WS_QWS))[argc];
                   ^
make[1]: Leaving directory `/home/matthew/CSC232/Lab4/build/CMakeFiles/CMakeTmp'
make[1]: *** [CMakeFiles/cmTryCompileExec1330789059.dir/CheckSymbolExists.cxx.o] Error 1
make: *** [cmTryCompileExec1330789059/fast] Error 2

File /home/matthew/CSC232/Lab4/build/CMakeFiles/CMakeTmp/CheckSymbolExists.cxx:
/* */
#include <QtCore/qglobal.h>

int main(int argc, char** argv)
{
  (void)argv;
#ifndef Q_WS_QWS
  return ((int*)(&Q_WS_QWS))[argc];
#else
  (void)argc;
  return 0;
#endif
}

Determining if the Q_WS_MAC exist failed with the following output:
Change Dir: /home/matthew/CSC232/Lab4/build/CMakeFiles/CMakeTmp

Run Build Command:/usr/bin/make "cmTryCompileExec1884740149/fast"
/usr/bin/make -f CMakeFiles/cmTryCompileExec1884740149.dir/build.make CMakeFiles/cmTryCompileExec1884740149.dir/build
make[1]: Entering directory `/home/matthew/CSC232/Lab4/build/CMakeFiles/CMakeTmp'
/usr/bin/cmake -E cmake_progress_report /home/matthew/CSC232/Lab4/build/CMakeFiles/CMakeTmp/CMakeFiles 1
Building CXX object CMakeFiles/cmTryCompileExec1884740149.dir/CheckSymbolExists.cxx.o
/usr/bin/c++    -I/usr/include/qt4    -o CMakeFiles/cmTryCompileExec1884740149.dir/CheckSymbolExists.cxx.o -c /home/matthew/CSC232/Lab4/build/CMakeFiles/CMakeTmp/CheckSymbolExists.cxx
/home/matthew/CSC232/Lab4/build/CMakeFiles/CMakeTmp/CheckSymbolExists.cxx: In function ‘int main(int, char**)’:
/home/matthew/CSC232/Lab4/build/CMakeFiles/CMakeTmp/CheckSymbolExists.cxx:8:19: error: ‘Q_WS_MAC’ was not declared in this scope
   return ((int*)(&Q_WS_MAC))[argc];
                   ^
make[1]: *** [CMakeFiles/cmTryCompileExec1884740149.dir/CheckSymbolExists.cxx.o] Error 1
make[1]: Leaving directory `/home/matthew/CSC232/Lab4/build/CMakeFiles/CMakeTmp'
make: *** [cmTryCompileExec1884740149/fast] Error 2

File /home/matthew/CSC232/Lab4/build/CMakeFiles/CMakeTmp/CheckSymbolExists.cxx:
/* */
#include <QtCore/qglobal.h>

int main(int argc, char** argv)
{
  (void)argv;
#ifndef Q_WS_MAC
  return ((int*)(&Q_WS_MAC))[argc];
#else
  (void)argc;
  return 0;
#endif
}

